Arguments: 
  C:\Program Files\nodejs\node.exe C:\Program Files (x86)\Yarn\bin\yarn.js build

PATH: 
  C:\Program Files (x86)\Common Files\Intel\Shared Libraries\redist\intel64\compiler;C:\Python27\;C:\Python27\Scripts;C:\Python38\Scripts\;C:\Python38\;C:\Python37\Scripts\;C:\Python37\;C:\Program Files (x86)\Common Files\Oracle\Java\javapath;C:\WINDOWS\system32;C:\WINDOWS;C:\WINDOWS\System32\Wbem;C:\WINDOWS\System32\WindowsPowerShell\v1.0\;C:\WINDOWS\System32\OpenSSH\;C:\ProgramData\chocolatey\bin;C:\Program Files\Java\jdk1.8.0_201\bin;C:\Android\Sdk\platform-tools;C:\Android\Sdk\tools;C:\Program Files\Git\cmd;C:\Program Files (x86)\OPOS\Epson2;C:\Users\danie\AppData\Roaming\nvm;C:\Program Files\nodejs;C:\Program Files (x86)\Yarn\bin\;C:\Program Files\Amazon\AWSCLIV2\;C:\Program Files\Amazon\AWSCLI\;C:\Program Files\Docker\Docker\resources\bin;C:\ProgramData\DockerDesktop\version-bin;C:\Ruby26-x64\bin;C:\Users\danie\AppData\Local\Microsoft\WindowsApps;C:\Users\danie\AppData\Local\Programs\Microsoft VS Code\bin;C:\Users\danie\AppData\Roaming\npm;C:\Users\danie\AppData\Local\GitHubDesktop\bin;C:\Program Files\heroku\bin;C:\Users\danie\AppData\Roaming\nvm;C:\Program Files\nodejs;C:\Users\danie\AppData\Local\Yarn\bin;C:\Users\danie\AppData\Local\Microsoft\WindowsApps;;C:\Users\danie\AppData\Local\hyper\app-3.0.2\resources\bin;C:\tools\gsutil;

Yarn version: 
  1.22.0

Node version: 
  14.15.4

Platform: 
  win32 x64

Trace: 
  SyntaxError: C:\Users\danie\Documents\GitHub\my-customers\packages\server\package.json: Unexpected token / in JSON at position 332
      at JSON.parse (<anonymous>)
      at C:\Program Files (x86)\Yarn\lib\cli.js:1625:59
      at Generator.next (<anonymous>)
      at step (C:\Program Files (x86)\Yarn\lib\cli.js:310:30)
      at C:\Program Files (x86)\Yarn\lib\cli.js:321:13

npm manifest: 
  {
      "name": "@my-customers/server",
      "version": "1.0.0",
      "main": "index.js",
      "author": "Daniel K. Guolo <danielkv@gmail.com>",
      "license": "MIT",
      "private": true,
      "scripts": {
          "test": "jest",
          "dev": "ts-node-dev --transpile-only src/index.ts",
          "build": "tsc --outDir /build",
          //"start": "tsc --outDir /build",
      },
      "devDependencies": {
          "@babel/core": "^7.12.10",
          "@babel/preset-env": "^7.12.11",
          "@babel/preset-typescript": "^7.12.7",
          "@types/cors": "^2.8.9",
          "@types/express": "^4.17.11",
          "@types/jest": "^26.0.20",
          "babel-jest": "^26.6.3",
          "jest": "^26.6.3",
          "ts-node-dev": "^1.1.1",
          "typescript": "^4.1.3"
      },
      "dependencies": {
          "@googlemaps/google-maps-services-js": "^3.1.15",
          "cors": "^2.8.5",
          "dotenv": "^8.2.0",
          "express": "^4.17.1",
          "node-cache": "^5.1.2"
      }
  }

yarn manifest: 
  No manifest

Lockfile: 
  No lockfile
